<?xml version="1.0" encoding="UTF-8"?>
<!-- Generated by org.testng.reporters.JUnitXMLReporter -->
<testsuite ignored="4" hostname="DESKTOP-IRHS2JI" failures="1" tests="3" name="Test2" time="500.457" errors="0" timestamp="2025-08-16T12:40:02 IST">
  <testcase classname="organizationTest.ToCreateOrgWithIndustryTest" name="toCreateOrgWithIndustry_003" time="0.0">
    <skipped/>
  </testcase> <!-- toCreateOrgWithIndustry_003 -->
  <testcase classname="organizationTest.ToCreateOrgTest" name="ToCreateOrg_002" time="32.039">
    <failure type="java.lang.AssertionError" message="null">
      <![CDATA[java.lang.AssertionError: null
at organizationTest.ToCreateOrgTest.ToCreateOrg_002(ToCreateOrgTest.java:43)
at java.base/java.util.ArrayList.forEach(ArrayList.java:1596)
at java.base/java.util.concurrent.FutureTask.run(FutureTask.java:317)
at java.base/java.util.concurrent.ThreadPoolExecutor.runWorker(ThreadPoolExecutor.java:1144)
at java.base/java.util.concurrent.ThreadPoolExecutor$Worker.run(ThreadPoolExecutor.java:642)
at java.base/java.lang.Thread.run(Thread.java:1583)
... Removed 17 stack frames]]>
    </failure>
  </testcase> <!-- ToCreateOrg_002 -->
  <testcase classname="organizationTest.ToCreateOrgWithIndustryTypeTest" name="toCreateOrgWithIndustryAndType_004" time="91.625"/>
  <testcase classname="genericUtility.BaseClass" name="@AfterSuite afterSuiteConfig" time="0.0">
    <ignored/>
  </testcase> <!-- @AfterSuite afterSuiteConfig -->
  <testcase classname="genericUtility.BaseClass" name="@BeforeSuite befoeSuiteConfig" time="0.0">
    <ignored/>
  </testcase> <!-- @BeforeSuite befoeSuiteConfig -->
  <testcase classname="genericUtility.BaseClass" name="@AfterSuite afterSuiteConfig" time="0.0">
    <ignored/>
  </testcase> <!-- @AfterSuite afterSuiteConfig -->
  <testcase classname="genericUtility.BaseClass" name="@BeforeSuite befoeSuiteConfig" time="0.0">
    <ignored/>
  </testcase> <!-- @BeforeSuite befoeSuiteConfig -->
</testsuite> <!-- Test2 -->
