<?xml version="1.0" encoding="UTF-8"?>
<testng-results ignored="6" total="11" passed="5" failed="0" skipped="0">
  <reporter-output>
  </reporter-output>
  <suite started-at="2025-08-15T13:04:32 IST" name="Suite" finished-at="2025-08-15T13:07:11 IST" duration-ms="158716">
    <groups>
      <group name="Regression">
        <method signature="ToCreateOrgTest.ToCreateOrg_002()[pri:0, instance:organizationTest.ToCreateOrgTest@30b7c004]" name="ToCreateOrg_002" class="organizationTest.ToCreateOrgTest"/>
        <method signature="ToCreateOrgWithIndustryTest.toCreateOrgWithIndustry_003()[pri:0, instance:organizationTest.ToCreateOrgWithIndustryTest@d706f19]" name="toCreateOrgWithIndustry_003" class="organizationTest.ToCreateOrgWithIndustryTest"/>
        <method signature="ToCreateOrgWithIndustryTypeTest.toCreateOrgWithIndustryAndType_004()[pri:0, instance:organizationTest.ToCreateOrgWithIndustryTypeTest@79efed2d]" name="toCreateOrgWithIndustryAndType_004" class="organizationTest.ToCreateOrgWithIndustryTypeTest"/>
      </group> <!-- Regression -->
      <group name="Smoke">
        <method signature="ToCreateContactTest.toCreateContact_001()[pri:0, instance:contactTest.ToCreateContactTest@10db82ae]" name="toCreateContact_001" class="contactTest.ToCreateContactTest"/>
        <method signature="ToCreateContactWithOrgTest.toCreateContactWithOrg_005()[pri:0, instance:contactTest.ToCreateContactWithOrgTest@501edcf1]" name="toCreateContactWithOrg_005" class="contactTest.ToCreateContactWithOrgTest"/>
      </group> <!-- Smoke -->
    </groups>
    <test started-at="2025-08-15T13:04:32 IST" name="Test1" finished-at="2025-08-15T13:06:44 IST" duration-ms="131393">
      <class name="contactTest.ToCreateContactTest">
        <test-method is-config="true" signature="beforeClassConfig()[pri:0, instance:contactTest.ToCreateContactTest@10db82ae]" started-at="2025-08-15T13:04:32 IST" name="beforeClassConfig" finished-at="2025-08-15T13:04:49 IST" duration-ms="16798" status="PASS">
          <reporter-output>
          </reporter-output>
        </test-method> <!-- beforeClassConfig -->
        <test-method is-config="true" signature="beforeMethodConfig()[pri:0, instance:contactTest.ToCreateContactTest@10db82ae]" started-at="2025-08-15T13:04:49 IST" name="beforeMethodConfig" finished-at="2025-08-15T13:04:55 IST" duration-ms="5347" status="PASS">
          <reporter-output>
          </reporter-output>
        </test-method> <!-- beforeMethodConfig -->
        <test-method signature="toCreateContact_001()[pri:0, instance:contactTest.ToCreateContactTest@10db82ae]" started-at="2025-08-15T13:04:55 IST" name="toCreateContact_001" finished-at="2025-08-15T13:05:47 IST" duration-ms="52158" status="PASS">
          <reporter-output>
          </reporter-output>
        </test-method> <!-- toCreateContact_001 -->
        <test-method is-config="true" signature="afterMethodConfig()[pri:0, instance:contactTest.ToCreateContactTest@10db82ae]" started-at="2025-08-15T13:05:47 IST" name="afterMethodConfig" finished-at="2025-08-15T13:05:50 IST" duration-ms="2923" status="PASS">
          <reporter-output>
          </reporter-output>
        </test-method> <!-- afterMethodConfig -->
        <test-method is-config="true" signature="afterClassConfig()[pri:0, instance:contactTest.ToCreateContactTest@10db82ae]" started-at="2025-08-15T13:05:50 IST" name="afterClassConfig" finished-at="2025-08-15T13:05:51 IST" duration-ms="1185" status="PASS">
          <reporter-output>
          </reporter-output>
        </test-method> <!-- afterClassConfig -->
      </class> <!-- contactTest.ToCreateContactTest -->
      <class name="contactTest.ToCreateContactWithOrgTest">
        <test-method is-config="true" signature="beforeClassConfig()[pri:0, instance:contactTest.ToCreateContactWithOrgTest@501edcf1]" started-at="2025-08-15T13:05:51 IST" name="beforeClassConfig" finished-at="2025-08-15T13:06:05 IST" duration-ms="14125" status="PASS">
          <reporter-output>
          </reporter-output>
        </test-method> <!-- beforeClassConfig -->
        <test-method is-config="true" signature="beforeMethodConfig()[pri:0, instance:contactTest.ToCreateContactWithOrgTest@501edcf1]" started-at="2025-08-15T13:06:05 IST" name="beforeMethodConfig" finished-at="2025-08-15T13:06:12 IST" duration-ms="6581" status="PASS">
          <reporter-output>
          </reporter-output>
        </test-method> <!-- beforeMethodConfig -->
        <test-method signature="toCreateContactWithOrg_005()[pri:0, instance:contactTest.ToCreateContactWithOrgTest@501edcf1]" started-at="2025-08-15T13:06:12 IST" name="toCreateContactWithOrg_005" finished-at="2025-08-15T13:06:39 IST" duration-ms="27138" status="PASS">
          <reporter-output>
          </reporter-output>
        </test-method> <!-- toCreateContactWithOrg_005 -->
        <test-method is-config="true" signature="afterMethodConfig()[pri:0, instance:contactTest.ToCreateContactWithOrgTest@501edcf1]" started-at="2025-08-15T13:06:39 IST" name="afterMethodConfig" finished-at="2025-08-15T13:06:42 IST" duration-ms="2832" status="PASS">
          <reporter-output>
          </reporter-output>
        </test-method> <!-- afterMethodConfig -->
        <test-method is-config="true" signature="afterClassConfig()[pri:0, instance:contactTest.ToCreateContactWithOrgTest@501edcf1]" started-at="2025-08-15T13:06:42 IST" name="afterClassConfig" finished-at="2025-08-15T13:06:44 IST" duration-ms="2221" status="PASS">
          <reporter-output>
          </reporter-output>
        </test-method> <!-- afterClassConfig -->
      </class> <!-- contactTest.ToCreateContactWithOrgTest -->
    </test> <!-- Test1 -->
    <test started-at="2025-08-15T13:04:32 IST" name="Test2" finished-at="2025-08-15T13:07:11 IST" duration-ms="158716">
      <class name="organizationTest.ToCreateOrgWithIndustryTypeTest">
        <test-method is-config="true" signature="beforeClassConfig()[pri:0, instance:organizationTest.ToCreateOrgWithIndustryTypeTest@79efed2d]" started-at="2025-08-15T13:06:37 IST" name="beforeClassConfig" finished-at="2025-08-15T13:06:48 IST" duration-ms="10239" status="PASS">
          <reporter-output>
          </reporter-output>
        </test-method> <!-- beforeClassConfig -->
        <test-method is-config="true" signature="beforeMethodConfig()[pri:0, instance:organizationTest.ToCreateOrgWithIndustryTypeTest@79efed2d]" started-at="2025-08-15T13:06:48 IST" name="beforeMethodConfig" finished-at="2025-08-15T13:06:52 IST" duration-ms="4102" status="PASS">
          <reporter-output>
          </reporter-output>
        </test-method> <!-- beforeMethodConfig -->
        <test-method signature="toCreateOrgWithIndustryAndType_004()[pri:0, instance:organizationTest.ToCreateOrgWithIndustryTypeTest@79efed2d]" started-at="2025-08-15T13:06:52 IST" name="toCreateOrgWithIndustryAndType_004" finished-at="2025-08-15T13:07:08 IST" duration-ms="16310" status="PASS">
          <reporter-output>
          </reporter-output>
        </test-method> <!-- toCreateOrgWithIndustryAndType_004 -->
        <test-method is-config="true" signature="afterMethodConfig()[pri:0, instance:organizationTest.ToCreateOrgWithIndustryTypeTest@79efed2d]" started-at="2025-08-15T13:07:08 IST" name="afterMethodConfig" finished-at="2025-08-15T13:07:11 IST" duration-ms="2671" status="PASS">
          <reporter-output>
          </reporter-output>
        </test-method> <!-- afterMethodConfig -->
        <test-method is-config="true" signature="afterClassConfig()[pri:0, instance:organizationTest.ToCreateOrgWithIndustryTypeTest@79efed2d]" started-at="2025-08-15T13:07:11 IST" name="afterClassConfig" finished-at="2025-08-15T13:07:11 IST" duration-ms="550" status="PASS">
          <reporter-output>
          </reporter-output>
        </test-method> <!-- afterClassConfig -->
      </class> <!-- organizationTest.ToCreateOrgWithIndustryTypeTest -->
      <class name="organizationTest.ToCreateOrgTest">
        <test-method is-config="true" signature="beforeClassConfig()[pri:0, instance:organizationTest.ToCreateOrgTest@30b7c004]" started-at="2025-08-15T13:05:51 IST" name="beforeClassConfig" finished-at="2025-08-15T13:06:01 IST" duration-ms="9603" status="PASS">
          <reporter-output>
          </reporter-output>
        </test-method> <!-- beforeClassConfig -->
        <test-method is-config="true" signature="beforeMethodConfig()[pri:0, instance:organizationTest.ToCreateOrgTest@30b7c004]" started-at="2025-08-15T13:06:01 IST" name="beforeMethodConfig" finished-at="2025-08-15T13:06:13 IST" duration-ms="12063" status="PASS">
          <reporter-output>
          </reporter-output>
        </test-method> <!-- beforeMethodConfig -->
        <test-method signature="ToCreateOrg_002()[pri:0, instance:organizationTest.ToCreateOrgTest@30b7c004]" started-at="2025-08-15T13:06:13 IST" name="ToCreateOrg_002" finished-at="2025-08-15T13:06:34 IST" duration-ms="21717" status="PASS">
          <reporter-output>
          </reporter-output>
        </test-method> <!-- ToCreateOrg_002 -->
        <test-method is-config="true" signature="afterMethodConfig()[pri:0, instance:organizationTest.ToCreateOrgTest@30b7c004]" started-at="2025-08-15T13:06:34 IST" name="afterMethodConfig" finished-at="2025-08-15T13:06:37 IST" duration-ms="2230" status="PASS">
          <reporter-output>
          </reporter-output>
        </test-method> <!-- afterMethodConfig -->
        <test-method is-config="true" signature="afterClassConfig()[pri:0, instance:organizationTest.ToCreateOrgTest@30b7c004]" started-at="2025-08-15T13:06:37 IST" name="afterClassConfig" finished-at="2025-08-15T13:06:37 IST" duration-ms="738" status="PASS">
          <reporter-output>
          </reporter-output>
        </test-method> <!-- afterClassConfig -->
      </class> <!-- organizationTest.ToCreateOrgTest -->
      <class name="organizationTest.ToCreateOrgWithIndustryTest">
        <test-method is-config="true" signature="befoeSuiteConfig()[pri:0, instance:organizationTest.ToCreateOrgWithIndustryTest@d706f19]" started-at="2025-08-15T13:04:32 IST" name="befoeSuiteConfig" finished-at="2025-08-15T13:04:32 IST" duration-ms="17" status="PASS">
          <reporter-output>
          </reporter-output>
        </test-method> <!-- befoeSuiteConfig -->
        <test-method is-config="true" signature="beforeClassConfig()[pri:0, instance:organizationTest.ToCreateOrgWithIndustryTest@d706f19]" started-at="2025-08-15T13:04:32 IST" name="beforeClassConfig" finished-at="2025-08-15T13:04:50 IST" duration-ms="17703" status="PASS">
          <reporter-output>
          </reporter-output>
        </test-method> <!-- beforeClassConfig -->
        <test-method is-config="true" signature="beforeMethodConfig()[pri:0, instance:organizationTest.ToCreateOrgWithIndustryTest@d706f19]" started-at="2025-08-15T13:04:50 IST" name="beforeMethodConfig" finished-at="2025-08-15T13:04:56 IST" duration-ms="5668" status="PASS">
          <reporter-output>
          </reporter-output>
        </test-method> <!-- beforeMethodConfig -->
        <test-method signature="toCreateOrgWithIndustry_003()[pri:0, instance:organizationTest.ToCreateOrgWithIndustryTest@d706f19]" started-at="2025-08-15T13:04:56 IST" name="toCreateOrgWithIndustry_003" finished-at="2025-08-15T13:05:47 IST" duration-ms="50967" status="PASS">
          <reporter-output>
          </reporter-output>
        </test-method> <!-- toCreateOrgWithIndustry_003 -->
        <test-method is-config="true" signature="afterMethodConfig()[pri:0, instance:organizationTest.ToCreateOrgWithIndustryTest@d706f19]" started-at="2025-08-15T13:05:47 IST" name="afterMethodConfig" finished-at="2025-08-15T13:05:50 IST" duration-ms="2945" status="PASS">
          <reporter-output>
          </reporter-output>
        </test-method> <!-- afterMethodConfig -->
        <test-method is-config="true" signature="afterClassConfig()[pri:0, instance:organizationTest.ToCreateOrgWithIndustryTest@d706f19]" started-at="2025-08-15T13:05:50 IST" name="afterClassConfig" finished-at="2025-08-15T13:05:51 IST" duration-ms="1182" status="PASS">
          <reporter-output>
          </reporter-output>
        </test-method> <!-- afterClassConfig -->
        <test-method is-config="true" signature="afterSuiteConfig()[pri:0, instance:organizationTest.ToCreateOrgWithIndustryTest@d706f19]" started-at="2025-08-15T13:07:11 IST" name="afterSuiteConfig" finished-at="2025-08-15T13:07:11 IST" duration-ms="1" status="PASS">
          <reporter-output>
          </reporter-output>
        </test-method> <!-- afterSuiteConfig -->
      </class> <!-- organizationTest.ToCreateOrgWithIndustryTest -->
    </test> <!-- Test2 -->
  </suite> <!-- Suite -->
</testng-results>
