<?xml version="1.0" encoding="UTF-8"?>
<!-- Generated by org.testng.reporters.JUnitReportReporter -->
<testsuite hostname="SANDHIYA" failures="0" tests="2" name="pac2.CreateOrgTest" time="0.018" errors="0" timestamp="2025-11-12T15:30:16 IST" skipped="0">
  <testcase classname="pac2.CreateOrgTest" name="createOrgTest" time="0.012"/>
  <testcase classname="pac2.CreateOrgTest" name="modifyOrgTest" time="0.006"/>
  <system-out>
    <![CDATA[---Connect to DB,Report config---
---Logout the Application---
---Logout the Application---
---Close the Brower---
---Close DB,Report Backup---]]>
  </system-out>
</testsuite> <!-- pac2.CreateOrgTest -->
