<?xml version="1.0" encoding="UTF-8"?>
<!-- Generated by org.testng.reporters.JUnitXMLReporter -->
<testsuite ignored="1" hostname="SANDHIYA" failures="0" tests="1" name="Default test" time="0.139" errors="0" timestamp="2025-11-12T15:20:15 IST">
  <testcase classname="pac1.CreateContactTest" name="createContactTest" time="0.032"/>
  <testcase classname="pac1.CreateContactTest" name="modifyContactTest" time="0.0">
    <ignored/>
  </testcase> <!-- modifyContactTest -->
</testsuite> <!-- Default test -->
