<?xml version="1.0" encoding="UTF-8"?>
<!-- Generated by org.testng.reporters.JUnitXMLReporter -->
<testsuite ignored="4" hostname="DESKTOP-IRHS2JI" failures="0" tests="3" name="Test2" time="158.716" errors="0" timestamp="2025-08-15T13:07:11 IST">
  <testcase classname="organizationTest.ToCreateOrgWithIndustryTest" name="toCreateOrgWithIndustry_003" time="50.967"/>
  <testcase classname="organizationTest.ToCreateOrgTest" name="ToCreateOrg_002" time="21.717"/>
  <testcase classname="organizationTest.ToCreateOrgWithIndustryTypeTest" name="toCreateOrgWithIndustryAndType_004" time="16.31"/>
  <testcase classname="genericUtility.BaseClass" name="@BeforeSuite befoeSuiteConfig" time="0.0">
    <ignored/>
  </testcase> <!-- @BeforeSuite befoeSuiteConfig -->
  <testcase classname="genericUtility.BaseClass" name="@BeforeSuite befoeSuiteConfig" time="0.0">
    <ignored/>
  </testcase> <!-- @BeforeSuite befoeSuiteConfig -->
  <testcase classname="genericUtility.BaseClass" name="@AfterSuite afterSuiteConfig" time="0.0">
    <ignored/>
  </testcase> <!-- @AfterSuite afterSuiteConfig -->
  <testcase classname="genericUtility.BaseClass" name="@AfterSuite afterSuiteConfig" time="0.0">
    <ignored/>
  </testcase> <!-- @AfterSuite afterSuiteConfig -->
</testsuite> <!-- Test2 -->
