<?xml version="1.0" encoding="UTF-8"?>
<!-- Generated by org.testng.reporters.JUnitXMLReporter -->
<testsuite ignored="8" hostname="DESKTOP-IRHS2JI" failures="0" tests="5" name="Test" time="199.934" errors="0" timestamp="2025-08-17T21:10:38 IST">
  <testcase classname="organizationTest.ToCreateOrgWithIndustryTest" name="toCreateOrgWithIndustry_003" time="20.66"/>
  <testcase classname="organizationTest.ToCreateOrgTest" name="ToCreateOrg_002" time="25.701"/>
  <testcase classname="organizationTest.ToCreateOrgWithIndustryTypeTest" name="toCreateOrgWithIndustryAndType_004" time="17.556"/>
  <testcase classname="contactTest.ToCreateContactTest" name="toCreateContact_001" time="26.849"/>
  <testcase classname="contactTest.ToCreateContactWithOrgTest" name="toCreateContactWithOrg_005" time="24.421"/>
  <testcase classname="genericUtility.BaseClass" name="@AfterSuite afterSuiteConfig" time="0.0">
    <ignored/>
  </testcase> <!-- @AfterSuite afterSuiteConfig -->
  <testcase classname="genericUtility.BaseClass" name="@BeforeSuite befoeSuiteConfig" time="0.0">
    <ignored/>
  </testcase> <!-- @BeforeSuite befoeSuiteConfig -->
  <testcase classname="genericUtility.BaseClass" name="@AfterSuite afterSuiteConfig" time="0.0">
    <ignored/>
  </testcase> <!-- @AfterSuite afterSuiteConfig -->
  <testcase classname="genericUtility.BaseClass" name="@BeforeSuite befoeSuiteConfig" time="0.0">
    <ignored/>
  </testcase> <!-- @BeforeSuite befoeSuiteConfig -->
  <testcase classname="genericUtility.BaseClass" name="@AfterSuite afterSuiteConfig" time="0.0">
    <ignored/>
  </testcase> <!-- @AfterSuite afterSuiteConfig -->
  <testcase classname="genericUtility.BaseClass" name="@BeforeSuite befoeSuiteConfig" time="0.0">
    <ignored/>
  </testcase> <!-- @BeforeSuite befoeSuiteConfig -->
  <testcase classname="genericUtility.BaseClass" name="@BeforeSuite befoeSuiteConfig" time="0.0">
    <ignored/>
  </testcase> <!-- @BeforeSuite befoeSuiteConfig -->
  <testcase classname="genericUtility.BaseClass" name="@AfterSuite afterSuiteConfig" time="0.0">
    <ignored/>
  </testcase> <!-- @AfterSuite afterSuiteConfig -->
</testsuite> <!-- Test -->
