<?xml version="1.0" encoding="UTF-8"?>
<!-- Generated by org.testng.reporters.JUnitReportReporter -->
<testsuite hostname="DESKTOP-IRHS2JI" failures="0" tests="1" name="organizationTest.ToCreateOrgWithIndustryTypeTest" time="23.083" errors="0" timestamp="2025-08-15T13:07:11 IST" skipped="0">
  <testcase classname="organizationTest.ToCreateOrgWithIndustryTypeTest" name="toCreateOrgWithIndustryAndType_004" time="23.083"/>
  <system-out/>
</testsuite> <!-- organizationTest.ToCreateOrgWithIndustryTypeTest -->
