<?xml version="1.0" encoding="UTF-8"?>
<!-- Generated by org.testng.reporters.JUnitXMLReporter -->
<testsuite ignored="11" hostname="DESKTOP-IRHS2JI" failures="0" tests="2" name="Test" time="63.489" errors="0" timestamp="2025-08-15T13:02:35 IST">
  <testcase classname="contactTest.ToCreateContactTest" name="toCreateContact_001" time="12.921"/>
  <testcase classname="contactTest.ToCreateContactWithOrgTest" name="toCreateContactWithOrg_005" time="18.13"/>
  <testcase classname="genericUtility.BaseClass" name="@BeforeSuite befoeSuiteConfig" time="0.0">
    <ignored/>
  </testcase> <!-- @BeforeSuite befoeSuiteConfig -->
  <testcase classname="genericUtility.BaseClass" name="@BeforeSuite befoeSuiteConfig" time="0.0">
    <ignored/>
  </testcase> <!-- @BeforeSuite befoeSuiteConfig -->
  <testcase classname="genericUtility.BaseClass" name="@BeforeSuite befoeSuiteConfig" time="0.0">
    <ignored/>
  </testcase> <!-- @BeforeSuite befoeSuiteConfig -->
  <testcase classname="genericUtility.BaseClass" name="@BeforeSuite befoeSuiteConfig" time="0.0">
    <ignored/>
  </testcase> <!-- @BeforeSuite befoeSuiteConfig -->
  <testcase classname="organizationTest.ToCreateOrgWithIndustryTypeTest" name="toCreateOrgWithIndustryAndType_004" time="0.0">
    <ignored/>
  </testcase> <!-- toCreateOrgWithIndustryAndType_004 -->
  <testcase classname="organizationTest.ToCreateOrgTest" name="ToCreateOrg_002" time="0.0">
    <ignored/>
  </testcase> <!-- ToCreateOrg_002 -->
  <testcase classname="organizationTest.ToCreateOrgWithIndustryTest" name="toCreateOrgWithIndustry_003" time="0.0">
    <ignored/>
  </testcase> <!-- toCreateOrgWithIndustry_003 -->
  <testcase classname="genericUtility.BaseClass" name="@AfterSuite afterSuiteConfig" time="0.0">
    <ignored/>
  </testcase> <!-- @AfterSuite afterSuiteConfig -->
  <testcase classname="genericUtility.BaseClass" name="@AfterSuite afterSuiteConfig" time="0.0">
    <ignored/>
  </testcase> <!-- @AfterSuite afterSuiteConfig -->
  <testcase classname="genericUtility.BaseClass" name="@AfterSuite afterSuiteConfig" time="0.0">
    <ignored/>
  </testcase> <!-- @AfterSuite afterSuiteConfig -->
  <testcase classname="genericUtility.BaseClass" name="@AfterSuite afterSuiteConfig" time="0.0">
    <ignored/>
  </testcase> <!-- @AfterSuite afterSuiteConfig -->
</testsuite> <!-- Test -->
